Using pre-set license
Built from '2021.3/staging' branch; Version is '2021.3.4f1 (cb45f9cae8b7) revision 13321721'; Using compiler version '192829333'; Build Type 'Release'
OS: 'Windows 10  (10.0.19044) 64bit Core' Language: 'en' Physical Memory: 32718 MB
BatchMode: 1, IsHumanControllingUs: 0, StartBugReporterOnCrash: 0, Is64bit: 1, IsPro: 1

COMMAND LINE ARGUMENTS:
C:\Program Files\Unity\Hub\Editor\2021.3.4f1\Editor\Unity.exe
-adb2
-batchMode
-noUpm
-name
AssetImportWorker0
-projectPath
C:/Users/dblaa/Documents/GitHub/Resume-In-15/Resume In 15
-logFile
Logs/AssetImportWorker0.log
-srvPort
59431
Successfully changed project path to: C:/Users/dblaa/Documents/GitHub/Resume-In-15/Resume In 15
C:/Users/dblaa/Documents/GitHub/Resume-In-15/Resume In 15
[UnityMemory] Configuration Parameters - Can be set up in boot.config
    "memorysetup-bucket-allocator-granularity=16"
    "memorysetup-bucket-allocator-bucket-count=8"
    "memorysetup-bucket-allocator-block-size=33554432"
    "memorysetup-bucket-allocator-block-count=8"
    "memorysetup-main-allocator-block-size=16777216"
    "memorysetup-thread-allocator-block-size=16777216"
    "memorysetup-gfx-main-allocator-block-size=16777216"
    "memorysetup-gfx-thread-allocator-block-size=16777216"
    "memorysetup-cache-allocator-block-size=4194304"
    "memorysetup-typetree-allocator-block-size=2097152"
    "memorysetup-profiler-bucket-allocator-granularity=16"
    "memorysetup-profiler-bucket-allocator-bucket-count=8"
    "memorysetup-profiler-bucket-allocator-block-size=33554432"
    "memorysetup-profiler-bucket-allocator-block-count=8"
    "memorysetup-profiler-allocator-block-size=16777216"
    "memorysetup-profiler-editor-allocator-block-size=1048576"
    "memorysetup-temp-allocator-size-main=16777216"
    "memorysetup-job-temp-allocator-block-size=2097152"
    "memorysetup-job-temp-allocator-block-size-background=1048576"
    "memorysetup-job-temp-allocator-reduction-small-platforms=262144"
    "memorysetup-temp-allocator-size-background-worker=32768"
    "memorysetup-temp-allocator-size-job-worker=262144"
    "memorysetup-temp-allocator-size-preload-manager=33554432"
    "memorysetup-temp-allocator-size-nav-mesh-worker=65536"
    "memorysetup-temp-allocator-size-audio-worker=65536"
    "memorysetup-temp-allocator-size-cloud-worker=32768"
    "memorysetup-temp-allocator-size-gi-baking-worker=262144"
    "memorysetup-temp-allocator-size-gfx=262144"
Refreshing native plugins compatible for Editor in 93.78 ms, found 3 plugins.
Preloading 0 native plugins for Editor in 0.00 ms.
Initialize engine version: 2021.3.4f1 (cb45f9cae8b7)
[Subsystems] Discovering subsystems at path C:/Program Files/Unity/Hub/Editor/2021.3.4f1/Editor/Data/Resources/UnitySubsystems
[Subsystems] Discovering subsystems at path C:/Users/dblaa/Documents/GitHub/Resume-In-15/Resume In 15/Assets
GfxDevice: creating device client; threaded=0; jobified=0
Direct3D:
    Version:  Direct3D 11.0 [level 11.1]
    Renderer: NVIDIA GeForce GTX 1050 Ti (ID=0x1c82)
    Vendor:   NVIDIA
    VRAM:     4018 MB
    Driver:   27.21.14.5751
Initialize mono
Mono path[0] = 'C:/Program Files/Unity/Hub/Editor/2021.3.4f1/Editor/Data/Managed'
Mono path[1] = 'C:/Program Files/Unity/Hub/Editor/2021.3.4f1/Editor/Data/MonoBleedingEdge/lib/mono/unityjit-win32'
Mono config path = 'C:/Program Files/Unity/Hub/Editor/2021.3.4f1/Editor/Data/MonoBleedingEdge/etc'
Using monoOptions --debugger-agent=transport=dt_socket,embedding=1,server=y,suspend=n,address=127.0.0.1:56820
Begin MonoManager ReloadAssembly
Registering precompiled unity dll's ...
Register platform support module: C:/Program Files/Unity/Hub/Editor/2021.3.4f1/Editor/Data/PlaybackEngines/WindowsStandaloneSupport/UnityEditor.WindowsStandalone.Extensions.dll
Registered in 0.013580 seconds.
Native extension for WindowsStandalone target not found
Refreshing native plugins compatible for Editor in 94.12 ms, found 3 plugins.
Preloading 0 native plugins for Editor in 0.00 ms.
Mono: successfully reloaded assembly
- Completed reload, in  0.788 seconds
Domain Reload Profiling:
	ReloadAssembly (789ms)
		BeginReloadAssembly (94ms)
			ExecutionOrderSort (0ms)
			DisableScriptedObjects (0ms)
			BackupInstance (0ms)
			ReleaseScriptingObjects (0ms)
			CreateAndSetChildDomain (1ms)
		EndReloadAssembly (547ms)
			LoadAssemblies (91ms)
			RebuildTransferFunctionScriptingTraits (0ms)
			SetupTypeCache (129ms)
			ReleaseScriptCaches (0ms)
			RebuildScriptCaches (33ms)
			SetupLoadedEditorAssemblies (316ms)
				LogAssemblyErrors (0ms)
				InitializePlatformSupportModulesInManaged (10ms)
				SetLoadedEditorAssemblies (0ms)
				RefreshPlugins (94ms)
				BeforeProcessingInitializeOnLoad (1ms)
				ProcessInitializeOnLoadAttributes (157ms)
				ProcessInitializeOnLoadMethodAttributes (53ms)
				AfterProcessingInitializeOnLoad (0ms)
				EditorAssembliesLoaded (0ms)
			ExecutionOrderSort2 (0ms)
			AwakeInstancesAfterBackupRestoration (0ms)
Platform modules already initialized, skipping
Registering precompiled user dll's ...
Registered in 0.008588 seconds.
Begin MonoManager ReloadAssembly
Symbol file LoadedFromMemory doesn't match image C:\Users\dblaa\Documents\GitHub\Resume-In-15\Resume In 15\Library\PackageCache\com.unity.visualscripting@1.7.8\Editor\VisualScripting.Core\Dependencies\YamlDotNet\Unity.VisualScripting.YamlDotNet.dll
Symbol file LoadedFromMemory doesn't match image C:\Users\dblaa\Documents\GitHub\Resume-In-15\Resume In 15\Library\PackageCache\com.unity.visualscripting@1.7.8\Editor\VisualScripting.Core\Dependencies\DotNetZip\Unity.VisualScripting.IonicZip.dll
Native extension for WindowsStandalone target not found
Refreshing native plugins compatible for Editor in 97.63 ms, found 3 plugins.
Preloading 0 native plugins for Editor in 0.00 ms.
Mono: successfully reloaded assembly
- Completed reload, in  1.365 seconds
Domain Reload Profiling:
	ReloadAssembly (1366ms)
		BeginReloadAssembly (133ms)
			ExecutionOrderSort (0ms)
			DisableScriptedObjects (7ms)
			BackupInstance (0ms)
			ReleaseScriptingObjects (0ms)
			CreateAndSetChildDomain (21ms)
		EndReloadAssembly (1091ms)
			LoadAssemblies (107ms)
			RebuildTransferFunctionScriptingTraits (0ms)
			SetupTypeCache (311ms)
			ReleaseScriptCaches (1ms)
			RebuildScriptCaches (58ms)
			SetupLoadedEditorAssemblies (574ms)
				LogAssemblyErrors (0ms)
				InitializePlatformSupportModulesInManaged (6ms)
				SetLoadedEditorAssemblies (0ms)
				RefreshPlugins (98ms)
				BeforeProcessingInitializeOnLoad (105ms)
				ProcessInitializeOnLoadAttributes (323ms)
				ProcessInitializeOnLoadMethodAttributes (29ms)
				AfterProcessingInitializeOnLoad (12ms)
				EditorAssembliesLoaded (0ms)
			ExecutionOrderSort2 (0ms)
			AwakeInstancesAfterBackupRestoration (7ms)
Platform modules already initialized, skipping
========================================================================
Worker process is ready to serve import requests
Launched and connected shader compiler UnityShaderCompiler.exe after 0.05 seconds
Refreshing native plugins compatible for Editor in 0.87 ms, found 3 plugins.
Preloading 0 native plugins for Editor in 0.00 ms.
Unloading 3735 Unused Serialized files (Serialized files now loaded: 0)
Unloading 28 unused Assets / (56.0 KB). Loaded Objects now: 4197.
Memory consumption went from 134.2 MB to 134.1 MB.
Total: 4.046200 ms (FindLiveObjects: 0.395500 ms CreateObjectMapping: 0.104200 ms MarkObjects: 3.438900 ms  DeleteObjects: 0.105600 ms)

AssetImportParameters requested are different than current active one (requested -> active):
  custom:video-decoder-ogg-theora: a1e56fd34408186e4bbccfd4996cb3dc -> 
  custom:container-muxer-webm: aa71ff27fc2769a1b78a27578f13a17b -> 
  custom:container-demuxer-webm: 4f35f7cbe854078d1ac9338744f61a02 -> 
  custom:video-encoder-webm-vp8: eb34c28f22e8b96e1ab97ce403110664 -> 
  custom:audio-encoder-webm-vorbis: bf7c407c2cedff20999df2af8eb42d56 -> 
  custom:framework-win-MediaFoundation: 216162199b28c13a410421893ffa2e32 -> 
  custom:container-demuxer-ogg: 62fdf1f143b41e24485cea50d1cbac27 -> 
  custom:video-decoder-webm-vp8: 9c59270c3fd7afecdb556c50c9e8de78 -> 
  custom:audio-decoder-ogg-vorbis: bf7c407c2cedff20999df2af8eb42d56 -> 
========================================================================
Received Import Request.
  Time since last request: 1190423.282787 seconds.
  path: Assets/Meshes/houseAssets/bedRoom/deskWTextures.fbx
  artifactKey: Guid(310a727d5f4c5d3408e2b5280529339f) Importer(815301076,1909f56bfc062723c751e8b465ee728b)
Start importing Assets/Meshes/houseAssets/bedRoom/deskWTextures.fbx using Guid(310a727d5f4c5d3408e2b5280529339f) Importer(815301076,1909f56bfc062723c751e8b465ee728b)  -> (artifact id: 'fbd4c9e7eacac6c2ceaa7d5941bee90c') in 0.343454 seconds 
========================================================================
Received Import Request.
  Time since last request: 58.259120 seconds.
  path: Assets/Meshes/houseAssets/bedRoom/deskWTextures.fbx
  artifactKey: Guid(310a727d5f4c5d3408e2b5280529339f) Importer(815301076,1909f56bfc062723c751e8b465ee728b)
Start importing Assets/Meshes/houseAssets/bedRoom/deskWTextures.fbx using Guid(310a727d5f4c5d3408e2b5280529339f) Importer(815301076,1909f56bfc062723c751e8b465ee728b)  -> (artifact id: 'd92d8608a5724f84d277d070851d0df5') in 0.126116 seconds 
========================================================================
Received Import Request.
  Time since last request: 31.434035 seconds.
  path: Assets/TheBaseMesh_PrototypingAssets
  artifactKey: Guid(790a4b5afe739124fb8dd25c97a89206) Importer(815301076,1909f56bfc062723c751e8b465ee728b)
Start importing Assets/TheBaseMesh_PrototypingAssets using Guid(790a4b5afe739124fb8dd25c97a89206) Importer(815301076,1909f56bfc062723c751e8b465ee728b)  -> (artifact id: 'cb90a4bec0c246366fda216c3764996a') in 0.006809 seconds 
========================================================================
Received Import Request.
  Time since last request: 7.901749 seconds.
  path: Assets/Audio
  artifactKey: Guid(840acd581326cb24e940f821d117cdd6) Importer(815301076,1909f56bfc062723c751e8b465ee728b)
Start importing Assets/Audio using Guid(840acd581326cb24e940f821d117cdd6) Importer(815301076,1909f56bfc062723c751e8b465ee728b)  -> (artifact id: '7aaaea733368812d6c290671d90f3c75') in 0.007198 seconds 
========================================================================
Received Import Request.
  Time since last request: 0.013820 seconds.
  path: Assets/Audio/PantsSound.wav
  artifactKey: Guid(664984f378a7a5a44a9c25bceff9702c) Importer(815301076,1909f56bfc062723c751e8b465ee728b)
Start importing Assets/Audio/PantsSound.wav using Guid(664984f378a7a5a44a9c25bceff9702c) Importer(815301076,1909f56bfc062723c751e8b465ee728b)  -> (artifact id: '13fcbccc938b1f7160ab34b7e98cda5c') in 0.082359 seconds 
========================================================================
Received Import Request.
  Time since last request: 0.492917 seconds.
  path: Assets/Animations
  artifactKey: Guid(d320b363826cb504e9a7e664d6ccd52e) Importer(815301076,1909f56bfc062723c751e8b465ee728b)
Start importing Assets/Animations using Guid(d320b363826cb504e9a7e664d6ccd52e) Importer(815301076,1909f56bfc062723c751e8b465ee728b)  -> (artifact id: '8129219a7b04c9956d5e875b19f64d67') in 0.007180 seconds 
========================================================================
Received Import Request.
  Time since last request: 13.682185 seconds.
  path: Assets/Prefab/AdWorldSpaceTrigger.prefab
  artifactKey: Guid(5a19c5da0928039488ab7fd53695de40) Importer(815301076,1909f56bfc062723c751e8b465ee728b)
Start importing Assets/Prefab/AdWorldSpaceTrigger.prefab using Guid(5a19c5da0928039488ab7fd53695de40) Importer(815301076,1909f56bfc062723c751e8b465ee728b)  -> (artifact id: '311d3e24a40c4031edef48c0059ff4ab') in 0.114097 seconds 
========================================================================
Received Import Request.
  Time since last request: 0.000033 seconds.
  path: Assets/Prefab/PlayerUI.prefab
  artifactKey: Guid(2d14f31171c071d4497765d63668b490) Importer(815301076,1909f56bfc062723c751e8b465ee728b)
Start importing Assets/Prefab/PlayerUI.prefab using Guid(2d14f31171c071d4497765d63668b490) Importer(815301076,1909f56bfc062723c751e8b465ee728b)  -> (artifact id: '23ae85453615b5abeb9ad1f8aad07c73') in 1.305517 seconds 
========================================================================
Received Import Request.
  Time since last request: 23.426710 seconds.
  path: Assets/TheBaseMesh_PrototypingAssets/hexagon_paving_tile 1.fbx
  artifactKey: Guid(c5600d3d36f51764f99803044c83f0df) Importer(815301076,1909f56bfc062723c751e8b465ee728b)
Start importing Assets/TheBaseMesh_PrototypingAssets/hexagon_paving_tile 1.fbx using Guid(c5600d3d36f51764f99803044c83f0df) Importer(815301076,1909f56bfc062723c751e8b465ee728b)  -> (artifact id: '3771ed22a05ee28c8f919b44d6a8f6c7') in 1.444762 seconds 
========================================================================
Received Import Request.
  Time since last request: 0.000029 seconds.
  path: Assets/TheBaseMesh_PrototypingAssets/noticeboard.fbx
  artifactKey: Guid(0301e1977ae97244c902b66199c0d858) Importer(815301076,1909f56bfc062723c751e8b465ee728b)
Start importing Assets/TheBaseMesh_PrototypingAssets/noticeboard.fbx using Guid(0301e1977ae97244c902b66199c0d858) Importer(815301076,1909f56bfc062723c751e8b465ee728b)  -> (artifact id: '2766ae6a97bd9f328639832c3b7fd6d0') in 0.043960 seconds 
========================================================================
Received Import Request.
  Time since last request: 0.000033 seconds.
  path: Assets/TheBaseMesh_PrototypingAssets/light_switch.fbx
  artifactKey: Guid(393cda34450a7e7408dce7f1e90ae59a) Importer(815301076,1909f56bfc062723c751e8b465ee728b)
Start importing Assets/TheBaseMesh_PrototypingAssets/light_switch.fbx using Guid(393cda34450a7e7408dce7f1e90ae59a) Importer(815301076,1909f56bfc062723c751e8b465ee728b)  -> (artifact id: '5eda26f6e7c97d8897d16532698f0dc8') in 0.051155 seconds 
========================================================================
Received Import Request.
  Time since last request: 0.000026 seconds.
  path: Assets/TheBaseMesh_PrototypingAssets/mug.fbx
  artifactKey: Guid(abf3ae03e5291204ea5e43f6ae64af4b) Importer(815301076,1909f56bfc062723c751e8b465ee728b)
Start importing Assets/TheBaseMesh_PrototypingAssets/mug.fbx using Guid(abf3ae03e5291204ea5e43f6ae64af4b) Importer(815301076,1909f56bfc062723c751e8b465ee728b)  -> (artifact id: '3281fbbe8d954e1607011cdede2b4488') in 0.045247 seconds 
========================================================================
Received Import Request.
  Time since last request: 27.805792 seconds.
  path: Assets/Materials/Austin materials/chrome3D.png
  artifactKey: Guid(25d4f76e9fe3a9f4f804dddaa015ddf5) Importer(815301076,1909f56bfc062723c751e8b465ee728b)
Start importing Assets/Materials/Austin materials/chrome3D.png using Guid(25d4f76e9fe3a9f4f804dddaa015ddf5) Importer(815301076,1909f56bfc062723c751e8b465ee728b)  -> (artifact id: 'a2cbc1dfd2ec602026603f0d0e57d0cc') in 0.125456 seconds 
========================================================================
Received Import Request.
  Time since last request: 0.000028 seconds.
  path: Assets/Materials/Austin materials/woodSink.png
  artifactKey: Guid(c53341dff01b0f84cb17986feb1c031c) Importer(815301076,1909f56bfc062723c751e8b465ee728b)
Start importing Assets/Materials/Austin materials/woodSink.png using Guid(c53341dff01b0f84cb17986feb1c031c) Importer(815301076,1909f56bfc062723c751e8b465ee728b)  -> (artifact id: '0e2cb17e04b2ea4019fe50db52dafbe1') in 0.016435 seconds 
========================================================================
Received Import Request.
  Time since last request: 0.000033 seconds.
  path: Assets/Materials/Austin materials/metalStand.png
  artifactKey: Guid(cc6927b64d0f4ec43831484ceeee20e8) Importer(815301076,1909f56bfc062723c751e8b465ee728b)
Start importing Assets/Materials/Austin materials/metalStand.png using Guid(cc6927b64d0f4ec43831484ceeee20e8) Importer(815301076,1909f56bfc062723c751e8b465ee728b)  -> (artifact id: 'b437db122864554b9bed4a839904d91d') in 0.019559 seconds 
========================================================================
Received Import Request.
  Time since last request: 0.000024 seconds.
  path: Assets/Materials/Austin materials/metal again.png
  artifactKey: Guid(be2685a78e0c7dd45a74e9e534c4afec) Importer(815301076,1909f56bfc062723c751e8b465ee728b)
Start importing Assets/Materials/Austin materials/metal again.png using Guid(be2685a78e0c7dd45a74e9e534c4afec) Importer(815301076,1909f56bfc062723c751e8b465ee728b)  -> (artifact id: '709df6979c17cdfa5b44a9d4f0931fb2') in 0.014190 seconds 
========================================================================
Received Import Request.
  Time since last request: 18.203630 seconds.
  path: Assets/TheBaseMesh_PrototypingAssets/office_desk.fbx
  artifactKey: Guid(8731f32c5bc582640baf3e317f2cb255) Importer(815301076,1909f56bfc062723c751e8b465ee728b)
Start importing Assets/TheBaseMesh_PrototypingAssets/office_desk.fbx using Guid(8731f32c5bc582640baf3e317f2cb255) Importer(815301076,1909f56bfc062723c751e8b465ee728b)  -> (artifact id: '1cf06b3c6fee9dcc31f19254ec9bafce') in 0.103022 seconds 
========================================================================
Received Import Request.
  Time since last request: 0.000022 seconds.
  path: Assets/TheBaseMesh_PrototypingAssets/office_folder.fbx
  artifactKey: Guid(563679926318f4440938e1067fbb2f45) Importer(815301076,1909f56bfc062723c751e8b465ee728b)
Start importing Assets/TheBaseMesh_PrototypingAssets/office_folder.fbx using Guid(563679926318f4440938e1067fbb2f45) Importer(815301076,1909f56bfc062723c751e8b465ee728b)  -> (artifact id: 'bbe1ae4a18ea70b7f7068e85e30b5edd') in 0.057507 seconds 
========================================================================
Received Import Request.
  Time since last request: 2.888735 seconds.
  path: Assets/TextMesh Pro/Resources/Fonts & Materials/LiberationSans SDF - Outline.mat
  artifactKey: Guid(79459efec17a4d00a321bdcc27bbc385) Importer(815301076,1909f56bfc062723c751e8b465ee728b)
Start importing Assets/TextMesh Pro/Resources/Fonts & Materials/LiberationSans SDF - Outline.mat using Guid(79459efec17a4d00a321bdcc27bbc385) Importer(815301076,1909f56bfc062723c751e8b465ee728b)  -> (artifact id: 'a170586e01179679d85041e9d770c17c') in 0.503215 seconds 
